# JRE version: Java(TM) SE Runtime Environment 18.9 (11.0.20+9) (build 11.0.20+9-LTS-256)
# Java VM: Java HotSpot(TM) 64-Bit Server VM 18.9 (11.0.20+9-LTS-256, mixed mode, tiered, compressed oops, g1 gc, windows-amd64)
Heap:
 garbage-first heap   total 129024K, used 60260K [0x0000000680000000, 0x0000000800000000)
  region size 1024K, 38 young (38912K), 8 survivors (8192K)
 Metaspace       used 42995K, capacity 44215K, committed 44496K, reserved 1087488K
  class space    used 5507K, capacity 5953K, committed 6016K, reserved 1048576K
GC Heap History (10 events):
Event: 14.175 GC heap before
{Heap before GC invocations=2 (full 0):
 garbage-first heap   total 129024K, used 39001K [0x0000000680000000, 0x0000000800000000)
  region size 1024K, 33 young (33792K), 10 survivors (10240K)
 Metaspace       used 20895K, capacity 21243K, committed 21296K, reserved 1069056K
  class space    used 2523K, capacity 2671K, committed 2688K, reserved 1048576K
}
Event: 14.186 GC heap after
{Heap after GC invocations=3 (full 0):
 garbage-first heap   total 129024K, used 18320K [0x0000000680000000, 0x0000000800000000)
  region size 1024K, 2 young (2048K), 2 survivors (2048K)
 Metaspace       used 20895K, capacity 21243K, committed 21296K, reserved 1069056K
  class space    used 2523K, capacity 2671K, committed 2688K, reserved 1048576K
}
Event: 16.608 GC heap before
{Heap before GC invocations=4 (full 0):
 garbage-first heap   total 129024K, used 64400K [0x0000000680000000, 0x0000000800000000)
  region size 1024K, 48 young (49152K), 2 survivors (2048K)
 Metaspace       used 25167K, capacity 25751K, committed 25904K, reserved 1071104K
  class space    used 3238K, capacity 3436K, committed 3456K, reserved 1048576K
}
Event: 16.614 GC heap after
{Heap after GC invocations=5 (full 0):
 garbage-first heap   total 129024K, used 19540K [0x0000000680000000, 0x0000000800000000)
  region size 1024K, 3 young (3072K), 3 survivors (3072K)
 Metaspace       used 25167K, capacity 25751K, committed 25904K, reserved 1071104K
  class space    used 3238K, capacity 3436K, committed 3456K, reserved 1048576K
}
Event: 21.341 GC heap before
{Heap before GC invocations=5 (full 0):
 garbage-first heap   total 129024K, used 72788K [0x0000000680000000, 0x0000000800000000)
  region size 1024K, 56 young (57344K), 3 survivors (3072K)
 Metaspace       used 31010K, capacity 31862K, committed 32048K, reserved 1077248K
  class space    used 4077K, capacity 4440K, committed 4480K, reserved 1048576K
}
Event: 21.349 GC heap after
{Heap after GC invocations=6 (full 0):
 garbage-first heap   total 129024K, used 22983K [0x0000000680000000, 0x0000000800000000)
  region size 1024K, 6 young (6144K), 6 survivors (6144K)
 Metaspace       used 31010K, capacity 31862K, committed 32048K, reserved 1077248K
  class space    used 4077K, capacity 4440K, committed 4480K, reserved 1048576K
}
Event: 26.091 GC heap before
{Heap before GC invocations=6 (full 0):
 garbage-first heap   total 129024K, used 57799K [0x0000000680000000, 0x0000000800000000)
  region size 1024K, 41 young (41984K), 6 survivors (6144K)
 Metaspace       used 34873K, capacity 35756K, committed 35920K, reserved 1081344K
  class space    used 4681K, capacity 5037K, committed 5120K, reserved 1048576K
}
Event: 26.102 GC heap after
{Heap after GC invocations=7 (full 0):
 garbage-first heap   total 129024K, used 24394K [0x0000000680000000, 0x0000000800000000)
  region size 1024K, 5 young (5120K), 5 survivors (5120K)
 Metaspace       used 34873K, capacity 35756K, committed 35920K, reserved 1081344K
  class space    used 4681K, capacity 5037K, committed 5120K, reserved 1048576K
}
Event: 31.649 GC heap before
{Heap before GC invocations=8 (full 0):
 garbage-first heap   total 129024K, used 82762K [0x0000000680000000, 0x0000000800000000)
  region size 1024K, 60 young (61440K), 5 survivors (5120K)
 Metaspace       used 42210K, capacity 43366K, committed 43600K, reserved 1087488K
  class space    used 5397K, capacity 5846K, committed 5888K, reserved 1048576K
}
Event: 31.664 GC heap after
{Heap after GC invocations=9 (full 0):
 garbage-first heap   total 129024K, used 30564K [0x0000000680000000, 0x0000000800000000)
  region size 1024K, 8 young (8192K), 8 survivors (8192K)
 Metaspace       used 42210K, capacity 43366K, committed 43600K, reserved 1087488K
  class space    used 5397K, capacity 5846K, committed 5888K, reserved 1048576K
}

