# JRE version: Java(TM) SE Runtime Environment 18.9 (11.0.20+9) (build 11.0.20+9-LTS-256)
# Java VM: Java HotSpot(TM) 64-Bit Server VM 18.9 (11.0.20+9-LTS-256, mixed mode, tiered, compressed oops, g1 gc, windows-amd64)
Heap:
 garbage-first heap   total 129024K, used 18310K [0x0000000680000000, 0x0000000800000000)
  region size 1024K, 1 young (1024K), 1 survivors (1024K)
 Metaspace       used 21152K, capacity 21545K, committed 21680K, reserved 1077248K
  class space    used 2582K, capacity 2756K, committed 2816K, reserved 1048576K
GC Heap History (8 events):
Event: 6.476 GC heap before
{Heap before GC invocations=0 (full 0):
 garbage-first heap   total 129024K, used 29696K [0x0000000680000000, 0x0000000800000000)
  region size 1024K, 24 young (24576K), 0 survivors (0K)
 Metaspace       used 9634K, capacity 9839K, committed 10112K, reserved 1058816K
  class space    used 992K, capacity 1069K, committed 1152K, reserved 1048576K
}
Event: 6.602 GC heap after
{Heap after GC invocations=1 (full 0):
 garbage-first heap   total 129024K, used 9387K [0x0000000680000000, 0x0000000800000000)
  region size 1024K, 3 young (3072K), 3 survivors (3072K)
 Metaspace       used 9634K, capacity 9839K, committed 10112K, reserved 1058816K
  class space    used 992K, capacity 1069K, committed 1152K, reserved 1048576K
}
Event: 20.216 GC heap before
{Heap before GC invocations=1 (full 0):
 garbage-first heap   total 129024K, used 84139K [0x0000000680000000, 0x0000000800000000)
  region size 1024K, 75 young (76800K), 3 survivors (3072K)
 Metaspace       used 18003K, capacity 18392K, committed 18688K, reserved 1064960K
  class space    used 2103K, capacity 2242K, committed 2304K, reserved 1048576K
}
Event: 20.262 GC heap after
{Heap after GC invocations=2 (full 0):
 garbage-first heap   total 129024K, used 17367K [0x0000000680000000, 0x0000000800000000)
  region size 1024K, 10 young (10240K), 10 survivors (10240K)
 Metaspace       used 18003K, capacity 18392K, committed 18688K, reserved 1064960K
  class space    used 2103K, capacity 2242K, committed 2304K, reserved 1048576K
}
Event: 20.903 GC heap before
{Heap before GC invocations=2 (full 0):
 garbage-first heap   total 129024K, used 27607K [0x0000000680000000, 0x0000000800000000)
  region size 1024K, 20 young (20480K), 10 survivors (10240K)
 Metaspace       used 19509K, capacity 19906K, committed 20224K, reserved 1067008K
  class space    used 2308K, capacity 2450K, committed 2560K, reserved 1048576K
}
Event: 20.911 GC heap after
{Heap after GC invocations=3 (full 0):
 garbage-first heap   total 129024K, used 17999K [0x0000000680000000, 0x0000000800000000)
  region size 1024K, 1 young (1024K), 1 survivors (1024K)
 Metaspace       used 19509K, capacity 19906K, committed 20224K, reserved 1067008K
  class space    used 2308K, capacity 2450K, committed 2560K, reserved 1048576K
}
Event: 21.378 GC heap before
{Heap before GC invocations=3 (full 0):
 garbage-first heap   total 129024K, used 28239K [0x0000000680000000, 0x0000000800000000)
  region size 1024K, 12 young (12288K), 1 survivors (1024K)
 Metaspace       used 20773K, capacity 21175K, committed 21296K, reserved 1069056K
  class space    used 2505K, capacity 2655K, committed 2688K, reserved 1048576K
}
Event: 21.381 GC heap after
{Heap after GC invocations=4 (full 0):
 garbage-first heap   total 129024K, used 18045K [0x0000000680000000, 0x0000000800000000)
  region size 1024K, 1 young (1024K), 1 survivors (1024K)
 Metaspace       used 20773K, capacity 21175K, committed 21296K, reserved 1069056K
  class space    used 2505K, capacity 2655K, committed 2688K, reserved 1048576K
}

